{
"contracts/Voting.sol":{"l":{"45":49,"46":43,"54":4,"58":4,"65":24,"66":22,"68":20,"69":20,"83":23,"84":21,"87":19,"88":19,"89":19,"90":19,"96":12,"97":10,"98":8,"100":8,"101":8,"102":8,"104":8,"135":16,"136":14,"137":14,"141":10,"142":8,"143":8,"147":10,"148":8,"149":8,"153":5,"154":3,"155":3,"184":3,"185":1,"186":1,"187":0,"188":0,"191":1,"193":1,"194":1},"path":"/home/fofo/2_voting_Tests/contracts/Voting.sol","s":{"1":49,"2":4,"3":4,"4":24,"5":22,"6":20,"7":20,"8":23,"9":21,"10":19,"11":19,"12":19,"13":19,"14":12,"15":10,"16":8,"17":8,"18":8,"19":8,"20":16,"21":14,"22":14,"23":10,"24":8,"25":8,"26":10,"27":8,"28":8,"29":5,"30":3,"31":3,"32":3,"33":1,"34":1,"35":0,"36":0,"37":1,"38":1,"39":1},"b":{"1":[43,6],"2":[22,2],"3":[20,2],"4":[21,2],"5":[19,2],"6":[10,2],"7":[8,2],"8":[8,0],"9":[14,2],"10":[8,2],"11":[8,2],"12":[3,2],"13":[1,2],"14":[0,0]},"f":{"1":49,"2":4,"3":4,"4":24,"5":23,"6":12,"7":16,"8":10,"9":10,"10":5,"11":3},"fnMap":{"1":{"name":"onlyVoters","line":44,"loc":{"start":{"line":44,"column":4},"end":{"line":47,"column":4}}},"2":{"name":"getVoter","line":53,"loc":{"start":{"line":53,"column":4},"end":{"line":55,"column":4}}},"3":{"name":"getOneProposal","line":57,"loc":{"start":{"line":57,"column":4},"end":{"line":59,"column":4}}},"4":{"name":"addVoter","line":64,"loc":{"start":{"line":64,"column":4},"end":{"line":70,"column":4}}},"5":{"name":"addProposal","line":82,"loc":{"start":{"line":82,"column":4},"end":{"line":91,"column":4}}},"6":{"name":"setVote","line":95,"loc":{"start":{"line":95,"column":4},"end":{"line":105,"column":4}}},"7":{"name":"startProposalsRegistering","line":134,"loc":{"start":{"line":134,"column":4},"end":{"line":138,"column":4}}},"8":{"name":"endProposalsRegistering","line":140,"loc":{"start":{"line":140,"column":4},"end":{"line":144,"column":4}}},"9":{"name":"startVotingSession","line":146,"loc":{"start":{"line":146,"column":4},"end":{"line":150,"column":4}}},"10":{"name":"endVotingSession","line":152,"loc":{"start":{"line":152,"column":4},"end":{"line":156,"column":4}}},"11":{"name":"tallyVotes","line":183,"loc":{"start":{"line":183,"column":3},"end":{"line":195,"column":4}}}},"statementMap":{"1":{"start":{"line":45,"column":8},"end":{"line":45,"column":69}},"2":{"start":{"line":54,"column":8},"end":{"line":54,"column":28}},"3":{"start":{"line":58,"column":8},"end":{"line":58,"column":34}},"4":{"start":{"line":65,"column":8},"end":{"line":65,"column":105}},"5":{"start":{"line":66,"column":8},"end":{"line":66,"column":72}},"6":{"start":{"line":68,"column":8},"end":{"line":68,"column":40}},"7":{"start":{"line":69,"column":8},"end":{"line":69,"column":35}},"8":{"start":{"line":83,"column":8},"end":{"line":83,"column":110}},"9":{"start":{"line":84,"column":8},"end":{"line":84,"column":112}},"10":{"start":{"line":87,"column":8},"end":{"line":87,"column":32}},"11":{"start":{"line":88,"column":8},"end":{"line":88,"column":35}},"12":{"start":{"line":89,"column":8},"end":{"line":89,"column":36}},"13":{"start":{"line":90,"column":8},"end":{"line":90,"column":56}},"14":{"start":{"line":96,"column":8},"end":{"line":96,"column":106}},"15":{"start":{"line":97,"column":8},"end":{"line":97,"column":77}},"16":{"start":{"line":98,"column":8},"end":{"line":98,"column":66}},"17":{"start":{"line":100,"column":8},"end":{"line":100,"column":47}},"18":{"start":{"line":101,"column":8},"end":{"line":101,"column":41}},"19":{"start":{"line":104,"column":8},"end":{"line":104,"column":35}},"20":{"start":{"line":135,"column":8},"end":{"line":135,"column":111}},"21":{"start":{"line":136,"column":8},"end":{"line":136,"column":67}},"22":{"start":{"line":137,"column":8},"end":{"line":137,"column":112}},"23":{"start":{"line":141,"column":8},"end":{"line":141,"column":121}},"24":{"start":{"line":142,"column":8},"end":{"line":142,"column":65}},"25":{"start":{"line":143,"column":8},"end":{"line":143,"column":121}},"26":{"start":{"line":147,"column":8},"end":{"line":147,"column":122}},"27":{"start":{"line":148,"column":8},"end":{"line":148,"column":59}},"28":{"start":{"line":149,"column":8},"end":{"line":149,"column":113}},"29":{"start":{"line":153,"column":8},"end":{"line":153,"column":106}},"30":{"start":{"line":154,"column":8},"end":{"line":154,"column":57}},"31":{"start":{"line":155,"column":8},"end":{"line":155,"column":105}},"32":{"start":{"line":184,"column":7},"end":{"line":184,"column":112}},"33":{"start":{"line":185,"column":7},"end":{"line":185,"column":30}},"34":{"start":{"line":186,"column":6},"end":{"line":186,"column":7085}},"35":{"start":{"line":187,"column":11},"end":{"line":187,"column":7153}},"36":{"start":{"line":188,"column":15},"end":{"line":188,"column":36}},"37":{"start":{"line":191,"column":7},"end":{"line":191,"column":44}},"38":{"start":{"line":193,"column":7},"end":{"line":193,"column":50}},"39":{"start":{"line":194,"column":7},"end":{"line":194,"column":96}}},"branchMap":{"1":{"line":45,"type":"if","locations":[{"start":{"line":45,"column":8},"end":{"line":45,"column":8}},{"start":{"line":45,"column":8},"end":{"line":45,"column":8}}]},"2":{"line":65,"type":"if","locations":[{"start":{"line":65,"column":8},"end":{"line":65,"column":8}},{"start":{"line":65,"column":8},"end":{"line":65,"column":8}}]},"3":{"line":66,"type":"if","locations":[{"start":{"line":66,"column":8},"end":{"line":66,"column":8}},{"start":{"line":66,"column":8},"end":{"line":66,"column":8}}]},"4":{"line":83,"type":"if","locations":[{"start":{"line":83,"column":8},"end":{"line":83,"column":8}},{"start":{"line":83,"column":8},"end":{"line":83,"column":8}}]},"5":{"line":84,"type":"if","locations":[{"start":{"line":84,"column":8},"end":{"line":84,"column":8}},{"start":{"line":84,"column":8},"end":{"line":84,"column":8}}]},"6":{"line":96,"type":"if","locations":[{"start":{"line":96,"column":8},"end":{"line":96,"column":8}},{"start":{"line":96,"column":8},"end":{"line":96,"column":8}}]},"7":{"line":97,"type":"if","locations":[{"start":{"line":97,"column":8},"end":{"line":97,"column":8}},{"start":{"line":97,"column":8},"end":{"line":97,"column":8}}]},"8":{"line":98,"type":"if","locations":[{"start":{"line":98,"column":8},"end":{"line":98,"column":8}},{"start":{"line":98,"column":8},"end":{"line":98,"column":8}}]},"9":{"line":135,"type":"if","locations":[{"start":{"line":135,"column":8},"end":{"line":135,"column":8}},{"start":{"line":135,"column":8},"end":{"line":135,"column":8}}]},"10":{"line":141,"type":"if","locations":[{"start":{"line":141,"column":8},"end":{"line":141,"column":8}},{"start":{"line":141,"column":8},"end":{"line":141,"column":8}}]},"11":{"line":147,"type":"if","locations":[{"start":{"line":147,"column":8},"end":{"line":147,"column":8}},{"start":{"line":147,"column":8},"end":{"line":147,"column":8}}]},"12":{"line":153,"type":"if","locations":[{"start":{"line":153,"column":8},"end":{"line":153,"column":8}},{"start":{"line":153,"column":8},"end":{"line":153,"column":8}}]},"13":{"line":184,"type":"if","locations":[{"start":{"line":184,"column":7},"end":{"line":184,"column":7}},{"start":{"line":184,"column":7},"end":{"line":184,"column":7}}]},"14":{"line":187,"type":"if","locations":[{"start":{"line":187,"column":11},"end":{"line":187,"column":11}},{"start":{"line":187,"column":11},"end":{"line":187,"column":11}}]}}}}
