TN:
SF:/home/fofo/2_voting_Tests/contracts/Voting.sol
FN:44,onlyVoters
FN:53,getVoter
FN:57,getOneProposal
FN:64,addVoter
FN:82,addProposal
FN:95,setVote
FN:134,startProposalsRegistering
FN:140,endProposalsRegistering
FN:146,startVotingSession
FN:152,endVotingSession
FN:183,tallyVotes
FNF:11
FNH:11
FNDA:49,onlyVoters
FNDA:4,getVoter
FNDA:4,getOneProposal
FNDA:24,addVoter
FNDA:23,addProposal
FNDA:12,setVote
FNDA:16,startProposalsRegistering
FNDA:10,endProposalsRegistering
FNDA:10,startVotingSession
FNDA:5,endVotingSession
FNDA:3,tallyVotes
DA:45,49
DA:46,43
DA:54,4
DA:58,4
DA:65,24
DA:66,22
DA:68,20
DA:69,20
DA:83,23
DA:84,21
DA:87,19
DA:88,19
DA:89,19
DA:90,19
DA:96,12
DA:97,10
DA:98,8
DA:100,8
DA:101,8
DA:102,8
DA:104,8
DA:135,16
DA:136,14
DA:137,14
DA:141,10
DA:142,8
DA:143,8
DA:147,10
DA:148,8
DA:149,8
DA:153,5
DA:154,3
DA:155,3
DA:184,3
DA:185,1
DA:186,1
DA:187,0
DA:188,0
DA:191,1
DA:193,1
DA:194,1
LF:41
LH:39
BRDA:45,1,0,43
BRDA:45,1,1,6
BRDA:65,2,0,22
BRDA:65,2,1,2
BRDA:66,3,0,20
BRDA:66,3,1,2
BRDA:83,4,0,21
BRDA:83,4,1,2
BRDA:84,5,0,19
BRDA:84,5,1,2
BRDA:96,6,0,10
BRDA:96,6,1,2
BRDA:97,7,0,8
BRDA:97,7,1,2
BRDA:98,8,0,8
BRDA:98,8,1,0
BRDA:135,9,0,14
BRDA:135,9,1,2
BRDA:141,10,0,8
BRDA:141,10,1,2
BRDA:147,11,0,8
BRDA:147,11,1,2
BRDA:153,12,0,3
BRDA:153,12,1,2
BRDA:184,13,0,1
BRDA:184,13,1,2
BRDA:187,14,0,0
BRDA:187,14,1,0
BRF:28
BRH:25
end_of_record
